<?xml version="1.0" encoding="UTF-8"?>
<testsuite xmlns:xsi="http://www.w3.org/2001/XMLSchema-instance" xsi:noNamespaceSchemaLocation="https://maven.apache.org/surefire/maven-surefire-plugin/xsd/surefire-test-report-3.0.xsd" version="3.0" name="dao.AlumnoDAOImpTest" time="24.879" tests="2" errors="0" skipped="0" failures="0">
  <properties>
    <property name="jpda.address" value="55625"/>
    <property name="java.specification.version" value="17"/>
    <property name="sun.jnu.encoding" value="UTF-8"/>
    <property name="java.class.path" value="/home/debian/Alumnos/alumnos/target/test-classes:/home/debian/Alumnos/alumnos/target/classes:/home/debian/.m2/repository/org/openjfx/javafx-controls/21.0.2/javafx-controls-21.0.2.jar:/home/debian/.m2/repository/org/openjfx/javafx-controls/21.0.2/javafx-controls-21.0.2-linux.jar:/home/debian/.m2/repository/org/openjfx/javafx-graphics/21.0.2/javafx-graphics-21.0.2.jar:/home/debian/.m2/repository/org/openjfx/javafx-graphics/21.0.2/javafx-graphics-21.0.2-linux.jar:/home/debian/.m2/repository/org/openjfx/javafx-base/21.0.2/javafx-base-21.0.2.jar:/home/debian/.m2/repository/org/openjfx/javafx-base/21.0.2/javafx-base-21.0.2-linux.jar:/home/debian/.m2/repository/org/openjfx/javafx-fxml/21.0.2/javafx-fxml-21.0.2.jar:/home/debian/.m2/repository/org/openjfx/javafx-fxml/21.0.2/javafx-fxml-21.0.2-linux.jar:/home/debian/.m2/repository/org/projectlombok/lombok/1.18.42/lombok-1.18.42.jar:/home/debian/.m2/repository/org/junit/jupiter/junit-jupiter/5.11.0/junit-jupiter-5.11.0.jar:/home/debian/.m2/repository/org/junit/jupiter/junit-jupiter-api/5.11.0/junit-jupiter-api-5.11.0.jar:/home/debian/.m2/repository/org/opentest4j/opentest4j/1.3.0/opentest4j-1.3.0.jar:/home/debian/.m2/repository/org/junit/platform/junit-platform-commons/1.11.0/junit-platform-commons-1.11.0.jar:/home/debian/.m2/repository/org/apiguardian/apiguardian-api/1.1.2/apiguardian-api-1.1.2.jar:/home/debian/.m2/repository/org/junit/jupiter/junit-jupiter-params/5.11.0/junit-jupiter-params-5.11.0.jar:/home/debian/.m2/repository/org/junit/jupiter/junit-jupiter-engine/5.11.0/junit-jupiter-engine-5.11.0.jar:/home/debian/.m2/repository/org/junit/platform/junit-platform-engine/1.11.0/junit-platform-engine-1.11.0.jar:/home/debian/.m2/repository/org/mockito/mockito-core/5.5.0/mockito-core-5.5.0.jar:/home/debian/.m2/repository/net/bytebuddy/byte-buddy/1.14.6/byte-buddy-1.14.6.jar:/home/debian/.m2/repository/net/bytebuddy/byte-buddy-agent/1.14.6/byte-buddy-agent-1.14.6.jar:/home/debian/.m2/repository/org/objenesis/objenesis/3.3/objenesis-3.3.jar:"/>
    <property name="java.vm.vendor" value="Debian"/>
    <property name="sun.arch.data.model" value="64"/>
    <property name="java.vendor.url" value="https://tracker.debian.org/openjdk-17"/>
    <property name="user.timezone" value="US/Central"/>
    <property name="forkMode" value="once"/>
    <property name="os.name" value="Linux"/>
    <property name="java.vm.specification.version" value="17"/>
    <property name="user.country" value="US"/>
    <property name="sun.java.launcher" value="SUN_STANDARD"/>
    <property name="sun.boot.library.path" value="/usr/lib/jvm/java-17-openjdk-amd64/lib"/>
    <property name="sun.java.command" value="/home/debian/Alumnos/alumnos/target/surefire/surefirebooter-20250929070246445_3.jar /home/debian/Alumnos/alumnos/target/surefire 2025-09-29T07-02-46_154-jvmRun1 surefire-20250929070246445_1tmp surefire_0-20250929070246445_2tmp"/>
    <property name="jdk.debug" value="release"/>
    <property name="test" value="dao.AlumnoDAOImpTest"/>
    <property name="surefire.test.class.path" value="/home/debian/Alumnos/alumnos/target/test-classes:/home/debian/Alumnos/alumnos/target/classes:/home/debian/.m2/repository/org/openjfx/javafx-controls/21.0.2/javafx-controls-21.0.2.jar:/home/debian/.m2/repository/org/openjfx/javafx-controls/21.0.2/javafx-controls-21.0.2-linux.jar:/home/debian/.m2/repository/org/openjfx/javafx-graphics/21.0.2/javafx-graphics-21.0.2.jar:/home/debian/.m2/repository/org/openjfx/javafx-graphics/21.0.2/javafx-graphics-21.0.2-linux.jar:/home/debian/.m2/repository/org/openjfx/javafx-base/21.0.2/javafx-base-21.0.2.jar:/home/debian/.m2/repository/org/openjfx/javafx-base/21.0.2/javafx-base-21.0.2-linux.jar:/home/debian/.m2/repository/org/openjfx/javafx-fxml/21.0.2/javafx-fxml-21.0.2.jar:/home/debian/.m2/repository/org/openjfx/javafx-fxml/21.0.2/javafx-fxml-21.0.2-linux.jar:/home/debian/.m2/repository/org/projectlombok/lombok/1.18.42/lombok-1.18.42.jar:/home/debian/.m2/repository/org/junit/jupiter/junit-jupiter/5.11.0/junit-jupiter-5.11.0.jar:/home/debian/.m2/repository/org/junit/jupiter/junit-jupiter-api/5.11.0/junit-jupiter-api-5.11.0.jar:/home/debian/.m2/repository/org/opentest4j/opentest4j/1.3.0/opentest4j-1.3.0.jar:/home/debian/.m2/repository/org/junit/platform/junit-platform-commons/1.11.0/junit-platform-commons-1.11.0.jar:/home/debian/.m2/repository/org/apiguardian/apiguardian-api/1.1.2/apiguardian-api-1.1.2.jar:/home/debian/.m2/repository/org/junit/jupiter/junit-jupiter-params/5.11.0/junit-jupiter-params-5.11.0.jar:/home/debian/.m2/repository/org/junit/jupiter/junit-jupiter-engine/5.11.0/junit-jupiter-engine-5.11.0.jar:/home/debian/.m2/repository/org/junit/platform/junit-platform-engine/1.11.0/junit-platform-engine-1.11.0.jar:/home/debian/.m2/repository/org/mockito/mockito-core/5.5.0/mockito-core-5.5.0.jar:/home/debian/.m2/repository/net/bytebuddy/byte-buddy/1.14.6/byte-buddy-1.14.6.jar:/home/debian/.m2/repository/net/bytebuddy/byte-buddy-agent/1.14.6/byte-buddy-agent-1.14.6.jar:/home/debian/.m2/repository/org/objenesis/objenesis/3.3/objenesis-3.3.jar:"/>
    <property name="sun.cpu.endian" value="little"/>
    <property name="user.home" value="/home/debian"/>
    <property name="user.language" value="en"/>
    <property name="java.specification.vendor" value="Oracle Corporation"/>
    <property name="java.version.date" value="2025-07-15"/>
    <property name="java.home" value="/usr/lib/jvm/java-17-openjdk-amd64"/>
    <property name="file.separator" value="/"/>
    <property name="basedir" value="/home/debian/Alumnos/alumnos"/>
    <property name="java.vm.compressedOopsMode" value="32-bit"/>
    <property name="line.separator" value="&#10;"/>
    <property name="java.specification.name" value="Java Platform API Specification"/>
    <property name="java.vm.specification.vendor" value="Oracle Corporation"/>
    <property name="surefire.real.class.path" value="/home/debian/Alumnos/alumnos/target/surefire/surefirebooter-20250929070246445_3.jar"/>
    <property name="sun.management.compiler" value="HotSpot 64-Bit Tiered Compilers"/>
    <property name="java.runtime.version" value="17.0.16+8-Debian-1deb12u1"/>
    <property name="user.name" value="debian"/>
    <property name="path.separator" value=":"/>
    <property name="os.version" value="6.1.0-39-amd64"/>
    <property name="java.runtime.name" value="OpenJDK Runtime Environment"/>
    <property name="file.encoding" value="UTF-8"/>
    <property name="java.vm.name" value="OpenJDK 64-Bit Server VM"/>
    <property name="jpda.listen" value="true"/>
    <property name="maven.ext.class.path" value="/home/debian/.vscode/extensions/oracle.oracle-java-24.1.0/nbcode/java/maven-nblib/netbeans-eventspy.jar"/>
    <property name="localRepository" value="/home/debian/.m2/repository"/>
    <property name="java.vendor.url.bug" value="https://bugs.debian.org/openjdk-17"/>
    <property name="java.io.tmpdir" value="/tmp"/>
    <property name="java.version" value="17.0.16"/>
    <property name="user.dir" value="/home/debian/Alumnos/alumnos"/>
    <property name="os.arch" value="amd64"/>
    <property name="java.vm.specification.name" value="Java Virtual Machine Specification"/>
    <property name="native.encoding" value="UTF-8"/>
    <property name="java.library.path" value="/usr/java/packages/lib:/usr/lib/x86_64-linux-gnu/jni:/lib/x86_64-linux-gnu:/usr/lib/x86_64-linux-gnu:/usr/lib/jni:/lib:/usr/lib"/>
    <property name="java.vm.info" value="mixed mode, sharing"/>
    <property name="java.vendor" value="Debian"/>
    <property name="java.vm.version" value="17.0.16+8-Debian-1deb12u1"/>
    <property name="java.specification.maintenance.version" value="1"/>
    <property name="sun.io.unicode.encoding" value="UnicodeLittle"/>
    <property name="java.class.version" value="61.0"/>
    <property name="maven.surefire.debug" value="-agentlib:jdwp=transport=dt_socket,server=n,address=55625"/>
  </properties>
  <testcase name="insertarAlumnoDeberiaGuardarlo" classname="dao.AlumnoDAOImpTest" time="24.789"/>
  <testcase name="listarDeberiaDevolverListaVaciaSiNoHayAlumnos" classname="dao.AlumnoDAOImpTest" time="0.007"/>
</testsuite>